<?xml version="1.0" encoding="UTF-8"?>
<!-- Generated by org.testng.reporters.JUnitReportReporter -->
<testsuite skipped="0" hostname="DESKTOP-HUBNUF3" name="test.TestNGDemo2" tests="1" failures="0" timestamp="28 Jul 2020 07:10:21 GMT" time="4.522" errors="0">
  <testcase name="googleSearch3" time="4.522" classname="test.TestNGDemo2"/>
</testsuite> <!-- test.TestNGDemo2 -->
