<?xml version="1.0" encoding="UTF-8"?>
<!-- Generated by org.testng.reporters.JUnitReportReporter -->
<testsuite skipped="0" hostname="DESKTOP-HUBNUF3" name="listeners.TestNGListenerDemo2" tests="3" failures="0" timestamp="30 Jul 2020 05:09:16 GMT" time="0.009" errors="0">
  <testcase name="test4" time="0.004" classname="listeners.TestNGListenerDemo2"/>
  <testcase name="test6" time="0.002" classname="listeners.TestNGListenerDemo2"/>
  <testcase name="test5" time="0.003" classname="listeners.TestNGListenerDemo2"/>
</testsuite> <!-- listeners.TestNGListenerDemo2 -->
