<?xml version="1.0" encoding="UTF-8"?>
<!-- Generated by org.testng.reporters.JUnitReportReporter -->
<testsuite skipped="0" hostname="DESKTOP-HUBNUF3" name="test.ExtentReportWithTestNG" tests="1" failures="0" timestamp="28 Jul 2020 10:08:20 GMT" time="1.207" errors="0">
  <testcase name="test1" time="1.207" classname="test.ExtentReportWithTestNG"/>
</testsuite> <!-- test.ExtentReportWithTestNG -->
