<?xml version="1.0" encoding="UTF-8"?>
<!-- Generated by org.testng.reporters.JUnitReportReporter -->
<testsuite skipped="0" hostname="DESKTOP-HUBNUF3" name="listeners.TestNGListenerDemo" tests="3" failures="0" timestamp="30 Jul 2020 05:09:16 GMT" time="6.635" errors="0">
  <testcase name="test1" time="0.013" classname="listeners.TestNGListenerDemo"/>
  <testcase name="test3" time="0.003" classname="listeners.TestNGListenerDemo"/>
  <testcase name="test2" time="6.619" classname="listeners.TestNGListenerDemo"/>
</testsuite> <!-- listeners.TestNGListenerDemo -->
