<?xml version="1.0" encoding="UTF-8"?>
<!-- Generated by org.testng.reporters.JUnitReportReporter -->
<testsuite skipped="0" hostname="DESKTOP-HUBNUF3" name="demo.MultiBrowserDemo" tests="3" failures="0" timestamp="29 Jul 2020 09:49:07 GMT" time="14.951" errors="0">
  <testcase name="test1" time="6.386" classname="demo.MultiBrowserDemo"/>
  <testcase name="test1" time="4.023" classname="demo.MultiBrowserDemo"/>
  <testcase name="test1" time="4.542" classname="demo.MultiBrowserDemo"/>
</testsuite> <!-- demo.MultiBrowserDemo -->
