<?xml version="1.0" encoding="UTF-8"?>
<!-- Generated by org.testng.reporters.JUnitReportReporter -->
<testsuite skipped="0" hostname="DESKTOP-HUBNUF3" name="test.GoogleSearch_TestNGDemo" tests="1" failures="0" timestamp="28 Jul 2020 05:15:01 GMT" time="2.979" errors="0">
  <testcase name="googleSearch" time="2.979" classname="test.GoogleSearch_TestNGDemo"/>
</testsuite> <!-- test.GoogleSearch_TestNGDemo -->
