<?xml version="1.0" encoding="UTF-8"?>
<!-- Generated by org.testng.reporters.JUnitReportReporter -->
<testsuite skipped="0" hostname="DESKTOP-HUBNUF3" name="test.TestNGDemo1" tests="1" failures="0" timestamp="28 Jul 2020 07:10:21 GMT" time="4.956" errors="0">
  <testcase name="googleSearch1" time="4.956" classname="test.TestNGDemo1"/>
</testsuite> <!-- test.TestNGDemo1 -->
